  compile_error.cpp
c:\drive\onedrive - personalmicrosoftsoftware.ucla.edu\文档\documentum academia\ucla\1st year\winter\cs 31\assignments\project 1\p1-compile\p1-compile\compile_error.cpp(17): error C2146: syntax error: missing ';' before identifier 'cout'
c:\drive\onedrive - personalmicrosoftsoftware.ucla.edu\文档\documentum academia\ucla\1st year\winter\cs 31\assignments\project 1\p1-compile\p1-compile\compile_error.cpp(17): error C2676: binary '>>': 'std::ostream' does not define this operator or a conversion to a type acceptable to the predefined operator
